[INFO] Scanning for projects...
[INFO]                                                                         
[INFO] ------------------------------------------------------------------------
[INFO] Building cometd-archetype-spring-jquery-jetty7 2.4.3
[INFO] ------------------------------------------------------------------------
[INFO] 
[INFO] >>> jetty-maven-plugin:7.6.4.v20120524:run (default-cli) @ cometd-archetype-spring-jquery-jetty7 >>>
[INFO] 
[INFO] --- maven-resources-plugin:2.4.3:resources (default-resources) @ cometd-archetype-spring-jquery-jetty7 ---
[WARNING] Using platform encoding (Cp1252 actually) to copy filtered resources, i.e. build is platform dependent!
[INFO] skip non existing resourceDirectory D:\Users\josterholt_2\Projects\FantasyStrategy - NEO4j\src\main\resources
[INFO] 
[INFO] --- maven-compiler-plugin:2.3.2:compile (default-compile) @ cometd-archetype-spring-jquery-jetty7 ---
[INFO] Nothing to compile - all classes are up to date
[INFO] 
[INFO] --- maven-resources-plugin:2.4.3:testResources (default-testResources) @ cometd-archetype-spring-jquery-jetty7 ---
[WARNING] Using platform encoding (Cp1252 actually) to copy filtered resources, i.e. build is platform dependent!
[INFO] skip non existing resourceDirectory D:\Users\josterholt_2\Projects\FantasyStrategy - NEO4j\src\test\resources
[INFO] 
[INFO] --- maven-compiler-plugin:2.3.2:testCompile (default-testCompile) @ cometd-archetype-spring-jquery-jetty7 ---
[INFO] Nothing to compile - all classes are up to date
[INFO] 
[INFO] <<< jetty-maven-plugin:7.6.4.v20120524:run (default-cli) @ cometd-archetype-spring-jquery-jetty7 <<<
[INFO] 
[INFO] --- jetty-maven-plugin:7.6.4.v20120524:run (default-cli) @ cometd-archetype-spring-jquery-jetty7 ---
[INFO] Configuring Jetty for project: cometd-archetype-spring-jquery-jetty7
[INFO] webAppSourceDirectory D:\Users\josterholt_2\Projects\FantasyStrategy - NEO4j\src\main\webapp does not exist. Defaulting to D:\Users\josterholt_2\Projects\FantasyStrategy - NEO4j\src\main\webapp
[INFO] Reload Mechanic: automatic
[INFO] Classes = D:\Users\josterholt_2\Projects\FantasyStrategy - NEO4j\target\classes
[INFO] Context path = /
[INFO] Tmp directory = D:\Users\josterholt_2\Projects\FantasyStrategy - NEO4j\target\tmp
[INFO] Web defaults = org/eclipse/jetty/webapp/webdefault.xml
[INFO] Web overrides =  none
[INFO] web.xml file = file:/D:/Users/josterholt_2/Projects/FantasyStrategy%20-%20NEO4j/src/main/webapp/WEB-INF/web.xml
[INFO] Webapp directory = D:\Users\josterholt_2\Projects\FantasyStrategy - NEO4j\src\main\webapp
test 1234
MUD Started
[INFO] Started Jetty Server
[INFO] Starting scanner at interval of 10 seconds.
